/data/miniconda/envs/torch/lib/python3.10/site-packages/torchvision/models/_utils.py:208: UserWarning: The parameter 'pretrained' is deprecated since 0.13 and may be removed in the future, please use 'weights' instead.
  warnings.warn(
/data/miniconda/envs/torch/lib/python3.10/site-packages/torchvision/models/_utils.py:223: UserWarning: Arguments other than a weight enum or `None` for 'weights' are deprecated since 0.13 and may be removed in the future. The current behavior is equivalent to passing `weights=None`.
  warnings.warn(msg)
/data/datasets/train5.py:54: FutureWarning: You are using `torch.load` with `weights_only=False` (the current default value), which uses the default pickle module implicitly. It is possible to construct malicious pickle data which will execute arbitrary code during unpickling (See https://github.com/pytorch/pytorch/blob/main/SECURITY.md#untrusted-models for more details). In a future release, the default value for `weights_only` will be flipped to `True`. This limits the functions that could be executed during unpickling. Arbitrary objects will no longer be allowed to be loaded via this mode unless they are explicitly allowlisted by the user via `torch.serialization.add_safe_globals`. We recommend you start setting `weights_only=True` for any use case where you don't have full control of the loaded file. Please open an issue on GitHub for any issues related to this experimental feature.
  model.load_state_dict(torch.load("efficientnet_b4.pth"))  # 加载本地文件
使用预训练的 EfficientNet-B4
开始训练模型
Epoch [1/100] Train Loss: 0.5001, Train Acc: 82.05% | Val Loss: 0.2932, Val Acc: 89.67%
==> 发现更好的模型，已保存！
Epoch [2/100] Train Loss: 0.3437, Train Acc: 87.77% | Val Loss: 0.2398, Val Acc: 91.66%
==> 发现更好的模型，已保存！
Epoch [3/100] Train Loss: 0.2912, Train Acc: 89.66% | Val Loss: 0.2266, Val Acc: 92.20%
==> 发现更好的模型，已保存！
Epoch [4/100] Train Loss: 0.2561, Train Acc: 90.82% | Val Loss: 0.2042, Val Acc: 93.20%
==> 发现更好的模型，已保存！
Epoch [5/100] Train Loss: 0.2264, Train Acc: 91.95% | Val Loss: 0.1939, Val Acc: 93.80%
==> 发现更好的模型，已保存！
Epoch [6/100] Train Loss: 0.2051, Train Acc: 92.80% | Val Loss: 0.1897, Val Acc: 93.90%
==> 发现更好的模型，已保存！
Epoch [7/100] Train Loss: 0.1894, Train Acc: 93.30% | Val Loss: 0.1952, Val Acc: 93.97%
==> 发现更好的模型，已保存！
Epoch [8/100] Train Loss: 0.1751, Train Acc: 93.80% | Val Loss: 0.1965, Val Acc: 94.08%
==> 发现更好的模型，已保存！
Epoch [9/100] Train Loss: 0.1618, Train Acc: 94.22% | Val Loss: 0.2034, Val Acc: 94.24%
==> 发现更好的模型，已保存！
Epoch [10/100] Train Loss: 0.1574, Train Acc: 94.37% | Val Loss: 0.2045, Val Acc: 94.61%
==> 发现更好的模型，已保存！
Epoch [11/100] Train Loss: 0.1435, Train Acc: 94.93% | Val Loss: 0.1999, Val Acc: 94.44%
Epoch [12/100] Train Loss: 0.1344, Train Acc: 95.28% | Val Loss: 0.1962, Val Acc: 94.71%
==> 发现更好的模型，已保存！
Epoch [13/100] Train Loss: 0.1296, Train Acc: 95.50% | Val Loss: 0.2117, Val Acc: 94.47%
Epoch [14/100] Train Loss: 0.1234, Train Acc: 95.68% | Val Loss: 0.2225, Val Acc: 94.59%
Epoch [15/100] Train Loss: 0.1188, Train Acc: 95.77% | Val Loss: 0.2220, Val Acc: 94.70%
Epoch [16/100] Train Loss: 0.1130, Train Acc: 95.97% | Val Loss: 0.2267, Val Acc: 94.41%
Epoch [17/100] Train Loss: 0.1116, Train Acc: 96.14% | Val Loss: 0.2155, Val Acc: 94.91%
==> 发现更好的模型，已保存！
Epoch [18/100] Train Loss: 0.1054, Train Acc: 96.33% | Val Loss: 0.2351, Val Acc: 94.60%
Epoch [19/100] Train Loss: 0.1031, Train Acc: 96.40% | Val Loss: 0.2334, Val Acc: 94.70%
Epoch [20/100] Train Loss: 0.1008, Train Acc: 96.50% | Val Loss: 0.2396, Val Acc: 94.65%
Epoch [21/100] Train Loss: 0.0976, Train Acc: 96.60% | Val Loss: 0.2248, Val Acc: 94.86%
Epoch [22/100] Train Loss: 0.0941, Train Acc: 96.73% | Val Loss: 0.2294, Val Acc: 94.39%
Epoch [23/100] Train Loss: 0.0936, Train Acc: 96.77% | Val Loss: 0.2441, Val Acc: 94.54%
Epoch [24/100] Train Loss: 0.0924, Train Acc: 96.84% | Val Loss: 0.2455, Val Acc: 94.75%
Epoch [25/100] Train Loss: 0.0917, Train Acc: 96.82% | Val Loss: 0.2293, Val Acc: 94.91%
Epoch [26/100] Train Loss: 0.0889, Train Acc: 96.95% | Val Loss: 0.2497, Val Acc: 94.78%
Epoch [27/100] Train Loss: 0.0835, Train Acc: 97.13% | Val Loss: 0.2495, Val Acc: 94.72%
Epoch [28/100] Train Loss: 0.0836, Train Acc: 97.10% | Val Loss: 0.2638, Val Acc: 94.80%
Epoch [29/100] Train Loss: 0.0821, Train Acc: 97.10% | Val Loss: 0.2560, Val Acc: 94.69%
Epoch [30/100] Train Loss: 0.0807, Train Acc: 97.24% | Val Loss: 0.2530, Val Acc: 94.65%
Epoch [31/100] Train Loss: 0.0799, Train Acc: 97.27% | Val Loss: 0.2599, Val Acc: 94.85%
Epoch [32/100] Train Loss: 0.0765, Train Acc: 97.36% | Val Loss: 0.2484, Val Acc: 94.95%
==> 发现更好的模型，已保存！
Epoch [33/100] Train Loss.: 0.0788, Train Acc: 97.30% | Val Loss: 0.2654, Val Acc: 94.92%
Epoch [34/100] Train Loss: 0.0750, Train Acc: 97.44% | Val Loss: 0.2614, Val Acc: 94.78%
